java.io.IOException: El sistema no puede encontrar la ruta especificada
	at java.base/java.io.WinNTFileSystem.createFileExclusively(Native Method)
	at java.base/java.io.File.createNewFile(File.java:1034)
	at base.BlancoEspineiraSaul_Excepcion4.crearFichero1(BlancoEspineiraSaul_Excepcion4.java:15)
	at base.BlancoEspineiraSaul_Excepcion4.main(BlancoEspineiraSaul_Excepcion4.java:28)
java.io.IOException: El sistema no puede encontrar la ruta especificada
	at java.base/java.io.WinNTFileSystem.createFileExclusively(Native Method)
	at java.base/java.io.File.createNewFile(File.java:1034)
	at base.BlancoEspineiraSaul_Excepcion4.crearFichero2(BlancoEspineiraSaul_Excepcion4.java:22)
	at base.BlancoEspineiraSaul_Excepcion4.main(BlancoEspineiraSaul_Excepcion4.java:41)
java.io.IOException: El sistema no puede encontrar la ruta especificada
	at java.base/java.io.WinNTFileSystem.createFileExclusively(Native Method)
	at java.base/java.io.File.createNewFile(File.java:1034)
	at base.BlancoEspineiraSaul_Excepcion4.crearFichero1(BlancoEspineiraSaul_Excepcion4.java:15)
	at base.BlancoEspineiraSaul_Excepcion4.main(BlancoEspineiraSaul_Excepcion4.java:28)
java.io.IOException: El sistema no puede encontrar la ruta especificada
	at java.base/java.io.WinNTFileSystem.createFileExclusively(Native Method)
	at java.base/java.io.File.createNewFile(File.java:1034)
	at base.BlancoEspineiraSaul_Excepcion4.crearFichero2(BlancoEspineiraSaul_Excepcion4.java:22)
	at base.BlancoEspineiraSaul_Excepcion4.main(BlancoEspineiraSaul_Excepcion4.java:41)
